<?xml version="1.0" encoding="UTF-8"?>
<!-- Generated by org.testng.reporters.JUnitXMLReporter -->
<testsuite ignored="0" hostname="NGUYENHOAIAN" failures="0" tests="8" name="Default test" time="132.777" errors="0" timestamp="2023-04-17T17:56:36 ICT">
  <testcase classname="fpoly.ap" name="testNotSelectedCampus" time="3.402"/>
  <testcase classname="fpoly.ap" name="testNotVerifyGoogle" time="17.761"/>
  <testcase classname="fpoly.ap" name="testEmptyEmailGoogle" time="59.55"/>
  <testcase classname="fpoly.ap" name="testInvalidEmailGoogle" time="4.388"/>
  <testcase classname="fpoly.ap" name="testEmptyPasswordGoogle" time="8.85"/>
  <testcase classname="fpoly.ap" name="testInvalidPasswordGoogle" time="11.338"/>
  <testcase classname="fpoly.ap" name="testVadlidAccountGoogle" time="14.105"/>
  <testcase classname="fpoly.ap" name="testLogoutAccountGoogle" time="5.522"/>
</testsuite> <!-- Default test -->
